<?xml version="1.0" encoding="UTF-8"?>
<testng-results ignored="0" total="2" passed="2" failed="0" skipped="0">
  <reporter-output>
  </reporter-output>
  <suite started-at="2022-02-16T16:19:09 IST" name="Suite" finished-at="2022-02-16T16:19:28 IST" duration-ms="18153">
    <groups>
    </groups>
    <test started-at="2022-02-16T16:19:09 IST" name="Test" finished-at="2022-02-16T16:19:28 IST" duration-ms="18153">
      <class name="smoketests.ATagsTest">
        <test-method is-config="true" signature="setUp()[pri:0, instance:smoketests.ATagsTest@5c30a9b0]" started-at="2022-02-16T16:19:09 IST" name="setUp" finished-at="2022-02-16T16:19:19 IST" duration-ms="9425" status="PASS">
          <reporter-output>
          </reporter-output>
        </test-method> <!-- setUp -->
        <test-method signature="loginpresenttest()[pri:0, instance:smoketests.ATagsTest@5c30a9b0]" started-at="2022-02-16T16:19:19 IST" name="loginpresenttest" finished-at="2022-02-16T16:19:21 IST" duration-ms="1718" status="PASS">
          <reporter-output>
          </reporter-output>
        </test-method> <!-- loginpresenttest -->
        <test-method is-config="true" signature="tearDown()[pri:0, instance:smoketests.ATagsTest@5c30a9b0]" started-at="2022-02-16T16:19:21 IST" name="tearDown" finished-at="2022-02-16T16:19:21 IST" duration-ms="160" status="PASS">
          <reporter-output>
          </reporter-output>
        </test-method> <!-- tearDown -->
      </class> <!-- smoketests.ATagsTest -->
      <class name="smoketests.LoginPresentTestNG">
        <test-method is-config="true" signature="setUp()[pri:0, instance:smoketests.LoginPresentTestNG@192d43ce]" started-at="2022-02-16T16:19:21 IST" name="setUp" finished-at="2022-02-16T16:19:27 IST" duration-ms="6431" status="PASS">
          <reporter-output>
          </reporter-output>
        </test-method> <!-- setUp -->
        <test-method signature="loginpresenttest()[pri:0, instance:smoketests.LoginPresentTestNG@192d43ce]" started-at="2022-02-16T16:19:27 IST" name="loginpresenttest" finished-at="2022-02-16T16:19:27 IST" duration-ms="208" status="PASS">
          <reporter-output>
          </reporter-output>
        </test-method> <!-- loginpresenttest -->
        <test-method is-config="true" signature="tearDown()[pri:0, instance:smoketests.LoginPresentTestNG@192d43ce]" started-at="2022-02-16T16:19:27 IST" name="tearDown" finished-at="2022-02-16T16:19:28 IST" duration-ms="148" status="PASS">
          <reporter-output>
          </reporter-output>
        </test-method> <!-- tearDown -->
      </class> <!-- smoketests.LoginPresentTestNG -->
    </test> <!-- Test -->
  </suite> <!-- Suite -->
</testng-results>
