<?xml version="1.0" encoding="UTF-8"?>
<testng-results ignored="0" total="1" passed="1" failed="0" skipped="0">
  <reporter-output>
  </reporter-output>
  <suite started-at="2022-02-15T16:36:16 IST" name="Default suite" finished-at="2022-02-15T16:36:25 IST" duration-ms="8619">
    <groups>
    </groups>
    <test started-at="2022-02-15T16:36:16 IST" name="Default test" finished-at="2022-02-15T16:36:25 IST" duration-ms="8619">
      <class name="smoketests.LoginPresentTestNG">
        <test-method is-config="true" signature="setUp()[pri:0, instance:smoketests.LoginPresentTestNG@4facf68f]" started-at="2022-02-15T16:36:16 IST" name="setUp" finished-at="2022-02-15T16:36:24 IST" duration-ms="8301" status="PASS">
          <reporter-output>
          </reporter-output>
        </test-method> <!-- setUp -->
        <test-method signature="loginpresenttest()[pri:0, instance:smoketests.LoginPresentTestNG@4facf68f]" started-at="2022-02-15T16:36:24 IST" name="loginpresenttest" finished-at="2022-02-15T16:36:24 IST" duration-ms="131" status="PASS">
          <reporter-output>
          </reporter-output>
        </test-method> <!-- loginpresenttest -->
        <test-method is-config="true" signature="tearDown()[pri:0, instance:smoketests.LoginPresentTestNG@4facf68f]" started-at="2022-02-15T16:36:24 IST" name="tearDown" finished-at="2022-02-15T16:36:25 IST" duration-ms="134" status="PASS">
          <reporter-output>
          </reporter-output>
        </test-method> <!-- tearDown -->
      </class> <!-- smoketests.LoginPresentTestNG -->
    </test> <!-- Default test -->
  </suite> <!-- Default suite -->
</testng-results>
